\BOOKMARK [1][-]{section.1}{Motivation}{}% 1
\BOOKMARK [1][-]{section.2}{Introduction}{}% 2
\BOOKMARK [1][-]{section.3}{History}{}% 3
\BOOKMARK [1][-]{section.4}{Analysis of Existing Algorithms}{}% 4
\BOOKMARK [2][-]{subsection.4.1}{Minimax and Negamax}{section.4}% 5
\BOOKMARK [2][-]{subsection.4.2}{Quiscience Search and The Horizon Problem}{section.4}% 6
\BOOKMARK [2][-]{subsection.4.3}{Tree Pruning}{section.4}% 7
\BOOKMARK [2][-]{subsection.4.4}{Transposition Tables}{section.4}% 8
\BOOKMARK [2][-]{subsection.4.5}{Heuristics}{section.4}% 9
\BOOKMARK [1][-]{section.5}{Implementation}{}% 10
\BOOKMARK [2][-]{subsection.5.1}{Data structures and Algorithms}{section.5}% 11
\BOOKMARK [2][-]{subsection.5.2}{Window Management and Rendering}{section.5}% 12
\BOOKMARK [2][-]{subsection.5.3}{Computer Opponent}{section.5}% 13
\BOOKMARK [3][-]{subsubsection.5.3.1}{Minimax Algorithm}{subsection.5.3}% 14
\BOOKMARK [3][-]{subsubsection.5.3.2}{Alpha-Beta Pruning}{subsection.5.3}% 15
\BOOKMARK [3][-]{subsubsection.5.3.3}{Evaluation Functions}{subsection.5.3}% 16
\BOOKMARK [1][-]{section.6}{Training}{}% 17
\BOOKMARK [1][-]{section.7}{Results Versus Other Computer Opponents}{}% 18
\BOOKMARK [1][-]{section.8}{Further Development}{}% 19
\BOOKMARK [1][-]{section.9}{Glossary of Terms}{}% 20
\BOOKMARK [1][-]{section*.23}{References}{}% 21
